Startpoint: rst_n (input port clocked by clk)
Endpoint: _9056_ (removal check against rising-edge clock clk)
Path Group: **async_default**
Path Type: min

Fanout     Cap    Slew   Delay    Time   Description
-----------------------------------------------------------------------------
                  0.00    0.00    0.00   clock clk (rise edge)
                          0.00    0.00   clock network delay (ideal)
                       20000.00 20000.00 ^ input external delay
                  0.13    0.09 20000.09 ^ rst_n (in)
    32    0.12                           rst_n (net)
                  0.13    0.00 20000.09 ^ _9056_/RESET_B (sky130_fd_sc_hd__dfrtp_2)
                               20000.09   data arrival time

                  0.00    0.00    0.00   clock clk (rise edge)
                          0.00    0.00   clock network delay (ideal)
                          0.00    0.00   clock reconvergence pessimism
                                  0.00 ^ _9056_/CLK (sky130_fd_sc_hd__dfrtp_2)
                          0.22    0.22   library removal time
                                  0.22   data required time
-----------------------------------------------------------------------------
                                  0.22   data required time
                               -20000.09   data arrival time
-----------------------------------------------------------------------------
                               19999.87   slack (MET)


Startpoint: _8064_ (rising edge-triggered flip-flop clocked by clk)
Endpoint: _8064_ (rising edge-triggered flip-flop clocked by clk)
Path Group: clk
Path Type: min

Fanout     Cap    Slew   Delay    Time   Description
-----------------------------------------------------------------------------
                  0.00    0.00    0.00   clock clk (rise edge)
                          0.00    0.00   clock network delay (ideal)
                  0.00    0.00    0.00 ^ _8064_/CLK (sky130_fd_sc_hd__dfxtp_2)
                  0.04    0.19    0.19 ^ _8064_/Q (sky130_fd_sc_hd__dfxtp_2)
     4    0.01                           rf.rf[25][0] (net)
                  0.04    0.00    0.19 ^ _5722_/A1 (sky130_fd_sc_hd__a22o_2)
                  0.02    0.07    0.26 ^ _5722_/X (sky130_fd_sc_hd__a22o_2)
     1    0.00                           _0431_ (net)
                  0.02    0.00    0.26 ^ _8064_/D (sky130_fd_sc_hd__dfxtp_2)
                                  0.26   data arrival time

                  0.00    0.00    0.00   clock clk (rise edge)
                          0.00    0.00   clock network delay (ideal)
                          0.00    0.00   clock reconvergence pessimism
                                  0.00 ^ _8064_/CLK (sky130_fd_sc_hd__dfxtp_2)
                         -0.02   -0.02   library hold time
                                 -0.02   data required time
-----------------------------------------------------------------------------
                                 -0.02   data required time
                                 -0.26   data arrival time
-----------------------------------------------------------------------------
                                  0.28   slack (MET)


Startpoint: rst_n (input port clocked by clk)
Endpoint: _9056_ (recovery check against rising-edge clock clk)
Path Group: **async_default**
Path Type: max

Fanout     Cap    Slew   Delay    Time   Description
-----------------------------------------------------------------------------
                  0.00    0.00    0.00   clock clk (rise edge)
                          0.00    0.00   clock network delay (ideal)
                       20000.00 20000.00 ^ input external delay
                  0.25    0.17 20000.17 ^ rst_n (in)
    32    0.10                           rst_n (net)
                  0.25    0.00 20000.17 ^ _9056_/RESET_B (sky130_fd_sc_hd__dfrtp_2)
                               20000.17   data arrival time

                  0.00 100000.00 100000.00   clock clk (rise edge)
                          0.00 100000.00   clock network delay (ideal)
                          0.00 100000.00   clock reconvergence pessimism
                               100000.00 ^ _9056_/CLK (sky130_fd_sc_hd__dfrtp_2)
                          0.34 100000.34   library recovery time
                               100000.34   data required time
-----------------------------------------------------------------------------
                               100000.34   data required time
                               -20000.17   data arrival time
-----------------------------------------------------------------------------
                               80000.17   slack (MET)


Startpoint: regAddr[0] (input port clocked by clk)
Endpoint: regData[0] (output port clocked by clk)
Path Group: clk
Path Type: max

Fanout     Cap    Slew   Delay    Time   Description
-----------------------------------------------------------------------------
                  0.00    0.00    0.00   clock clk (rise edge)
                          0.00    0.00   clock network delay (ideal)
                       20000.00 20000.00 ^ input external delay
                  2.26    1.59 20001.59 ^ regAddr[0] (in)
   257    1.00                           regAddr[0] (net)
                  2.26    0.00 20001.59 ^ _7078_/S0 (sky130_fd_sc_hd__mux4_1)
                  0.14    1.68 20003.27 v _7078_/X (sky130_fd_sc_hd__mux4_1)
     1    0.00                           _3622_ (net)
                  0.14    0.00 20003.27 v _7081_/A1 (sky130_fd_sc_hd__mux4_1)
                  0.14    1.12 20004.40 v _7081_/X (sky130_fd_sc_hd__mux4_1)
     1    0.00                           _3625_ (net)
                  0.14    0.00 20004.40 v _6682_/A1 (sky130_fd_sc_hd__mux2_1)
                  0.10    0.65 20005.05 v _6682_/X (sky130_fd_sc_hd__mux2_1)
     1    0.00                           _3626_ (net)
                  0.10    0.00 20005.05 v _6683_/A0 (sky130_fd_sc_hd__mux2_1)
                  0.24    0.80 20005.85 v _6683_/X (sky130_fd_sc_hd__mux2_1)
     1    0.02                           regData[0] (net)
                  0.24    0.00 20005.85 v regData[0] (out)
                               20005.85   data arrival time

                  0.00 100000.00 100000.00   clock clk (rise edge)
                          0.00 100000.00   clock network delay (ideal)
                          0.00 100000.00   clock reconvergence pessimism
                       -20000.00 80000.00   output external delay
                               80000.00   data required time
-----------------------------------------------------------------------------
                               80000.00   data required time
                               -20005.85   data arrival time
-----------------------------------------------------------------------------
                               59994.15   slack (MET)


