Thu May 20 20:11:29 UTC 2021 - Executing "python3 /openLANE_flow/scripts/extract_metal_layers.py -t /home/egor/openlane/pdks/sky130A/libs.ref/sky130_fd_sc_hd/techlef/sky130_fd_sc_hd.tlef -o /openLANE_flow/designs/sm_cpu/runs/20-05_20-11/tmp/met_layers_list.txt"

Thu May 20 20:11:30 UTC 2021 - Executing "/openLANE_flow/scripts/mergeLef.py -i /home/egor/openlane/pdks/sky130A/libs.ref/sky130_fd_sc_hd/techlef/sky130_fd_sc_hd.tlef {/home/egor/openlane/pdks/sky130A/libs.ref/sky130_fd_sc_hd/lef/sky130_ef_sc_hd__fakediode_2.lef /home/egor/openlane/pdks/sky130A/libs.ref/sky130_fd_sc_hd/lef/sky130_ef_sc_hd__decap_12.lef /home/egor/openlane/pdks/sky130A/libs.ref/sky130_fd_sc_hd/lef/sky130_fd_sc_hd.lef /home/egor/openlane/pdks/sky130A/libs.ref/sky130_fd_sc_hd/lef/sky130_ef_sc_hd__fill_12.lef} -o /openLANE_flow/designs/sm_cpu/runs/20-05_20-11/tmp/merged_unpadded.lef |& tee >&@stdout"

Thu May 20 20:11:30 UTC 2021 - Executing "/openLANE_flow/scripts/libtrim.pl /home/egor/openlane/pdks/sky130A/libs.ref/sky130_fd_sc_hd/lib/sky130_fd_sc_hd__tt_025C_1v80.lib /openLANE_flow/designs/sm_cpu/runs/20-05_20-11/tmp/trimmed.lib.exclude.list > /openLANE_flow/designs/sm_cpu/runs/20-05_20-11/tmp/trimmed.lib"

Thu May 20 20:11:30 UTC 2021 - Executing "echo {openlane v0.15} > /openLANE_flow/designs/sm_cpu/runs/20-05_20-11/OPENLANE_VERSION"

Thu May 20 20:11:30 UTC 2021 - Executing "sed -E {s/^([[:space:]]+)pg_pin(.*)/\1pin\2\n\1    direction : "inout";/g} /home/egor/openlane/pdks/sky130A/libs.ref/sky130_fd_sc_hd/lib/sky130_fd_sc_hd__tt_025C_1v80.lib > /openLANE_flow/designs/sm_cpu/runs/20-05_20-11/tmp/sky130_fd_sc_hd__tt_025C_1v80.no_pg.lib"

Thu May 20 20:11:30 UTC 2021 - Executing "yosys -c /openLANE_flow/scripts/synth.tcl -l /openLANE_flow/designs/sm_cpu/runs/20-05_20-11/logs/synthesis/1-yosys.log |& tee >&@stdout"

Thu May 20 20:11:45 UTC 2021 - Executing "sed -i -e {s/\(set ::env(CURRENT_NETLIST)\).*/\1 \/openLANE_flow\/designs\/sm_cpu\/runs\/20-05_20-11\/results\/synthesis\/sm_cpu.synthesis.v/} /openLANE_flow/designs/sm_cpu/runs/20-05_20-11/config.tcl"

Thu May 20 20:11:45 UTC 2021 - Executing "sed -i -e {s/\(set ::env(PREV_NETLIST)\).*/\1 0/} /openLANE_flow/designs/sm_cpu/runs/20-05_20-11/config.tcl"

Thu May 20 20:11:45 UTC 2021 - Executing "sed -i /defparam/d /openLANE_flow/designs/sm_cpu/runs/20-05_20-11/results/synthesis/sm_cpu.synthesis.v"

Thu May 20 20:11:45 UTC 2021 - Executing "sta /openLANE_flow/scripts/sta.tcl |& tee >&@stdout /openLANE_flow/designs/sm_cpu/runs/20-05_20-11/logs/synthesis/2-opensta"

Thu May 20 20:11:47 UTC 2021 - Executing "openroad -exit /openLANE_flow/scripts/openroad/or_floorplan.tcl |& tee >&@stdout /openLANE_flow/designs/sm_cpu/runs/20-05_20-11/logs/floorplan/3-verilog2def.openroad.log"

Thu May 20 20:11:52 UTC 2021 - Executing "openroad -exit /openLANE_flow/scripts/openroad/or_ioplacer.tcl |& tee >&@stdout /openLANE_flow/designs/sm_cpu/runs/20-05_20-11/logs/floorplan/4-ioPlacer.log"

Thu May 20 20:11:57 UTC 2021 - Executing "openroad -exit /openLANE_flow/scripts/openroad/or_tapcell.tcl |& tee >&@stdout /openLANE_flow/designs/sm_cpu/runs/20-05_20-11/logs/floorplan/5-tapcell.log"

Thu May 20 20:12:01 UTC 2021 - Executing "bash /openLANE_flow/scripts/klayout/scrotLayout.sh /home/egor/openlane/pdks/sky130A/libs.tech/klayout/sky130A.lyt /openLANE_flow/designs/sm_cpu/runs/20-05_20-11/results/floorplan/sm_cpu.floorplan.def |& tee >&@stdout /openLANE_flow/designs/sm_cpu/runs/20-05_20-11/logs/klayout/6-klayout.scrot.log"

Thu May 20 20:12:07 UTC 2021 - Executing "openroad -exit /openLANE_flow/scripts/openroad/or_pdn.tcl |& tee >&@stdout /openLANE_flow/designs/sm_cpu/runs/20-05_20-11/logs/floorplan/7-pdn.log"

Thu May 20 20:12:12 UTC 2021 - Executing "openroad -exit /openLANE_flow/scripts/openroad/or_replace.tcl |& tee >&@stdout /openLANE_flow/designs/sm_cpu/runs/20-05_20-11/logs/placement/8-replace.log"

Thu May 20 20:12:34 UTC 2021 - Executing "openroad -exit /openLANE_flow/scripts/openroad/or_resizer.tcl |& tee >&@stdout /openLANE_flow/designs/sm_cpu/runs/20-05_20-11/logs/placement/8-resizer.log"

Thu May 20 20:12:53 UTC 2021 - Executing "openroad -exit /openLANE_flow/scripts/openroad/or_write_verilog.tcl |& tee >&@stdout /openLANE_flow/designs/sm_cpu/runs/20-05_20-11/logs/9-write_verilog.log"

Thu May 20 20:12:57 UTC 2021 - Executing "sed -i -e {s/\(set ::env(CURRENT_NETLIST)\).*/\1 \/openLANE_flow\/designs\/sm_cpu\/runs\/20-05_20-11\/results\/synthesis\/sm_cpu.synthesis_optimized.v/} /openLANE_flow/designs/sm_cpu/runs/20-05_20-11/config.tcl"

Thu May 20 20:12:57 UTC 2021 - Executing "sed -i -e {s/\(set ::env(PREV_NETLIST)\).*/\1 \/openLANE_flow\/designs\/sm_cpu\/runs\/20-05_20-11\/results\/synthesis\/sm_cpu.synthesis.v/} /openLANE_flow/designs/sm_cpu/runs/20-05_20-11/config.tcl"

Thu May 20 20:12:57 UTC 2021 - Executing "sta /openLANE_flow/scripts/sta.tcl |& tee >&@stdout /openLANE_flow/designs/sm_cpu/runs/20-05_20-11/logs/synthesis/10-opensta_post_resizer"

Thu May 20 20:12:59 UTC 2021 - Executing "openroad -exit /openLANE_flow/scripts/openroad/or_opendp.tcl |& tee >&@stdout /openLANE_flow/designs/sm_cpu/runs/20-05_20-11/logs/placement/11-opendp.log"

Thu May 20 20:13:04 UTC 2021 - Executing "bash /openLANE_flow/scripts/klayout/scrotLayout.sh /home/egor/openlane/pdks/sky130A/libs.tech/klayout/sky130A.lyt /openLANE_flow/designs/sm_cpu/runs/20-05_20-11/results/placement/sm_cpu.placement.def |& tee >&@stdout /openLANE_flow/designs/sm_cpu/runs/20-05_20-11/logs/klayout/12-klayout.scrot.log"

Thu May 20 20:13:10 UTC 2021 - Executing "openroad -exit /openLANE_flow/scripts/openroad/or_cts.tcl |& tee >&@stdout /openLANE_flow/designs/sm_cpu/runs/20-05_20-11/logs/cts/13-cts.log"

Thu May 20 20:15:40 UTC 2021 - Executing "openroad -exit /openLANE_flow/scripts/openroad/or_write_verilog.tcl |& tee >&@stdout /openLANE_flow/designs/sm_cpu/runs/20-05_20-11/logs/14-write_verilog.log"

Thu May 20 20:15:45 UTC 2021 - Executing "sed -i -e {s/\(set ::env(CURRENT_NETLIST)\).*/\1 \/openLANE_flow\/designs\/sm_cpu\/runs\/20-05_20-11\/results\/synthesis\/sm_cpu.synthesis_cts.v/} /openLANE_flow/designs/sm_cpu/runs/20-05_20-11/config.tcl"

Thu May 20 20:15:45 UTC 2021 - Executing "sed -i -e {s/\(set ::env(PREV_NETLIST)\).*/\1 \/openLANE_flow\/designs\/sm_cpu\/runs\/20-05_20-11\/results\/synthesis\/sm_cpu.synthesis_optimized.v/} /openLANE_flow/designs/sm_cpu/runs/20-05_20-11/config.tcl"

Thu May 20 20:15:45 UTC 2021 - Executing "bash /openLANE_flow/scripts/klayout/scrotLayout.sh /home/egor/openlane/pdks/sky130A/libs.tech/klayout/sky130A.lyt /openLANE_flow/designs/sm_cpu/runs/20-05_20-11/results/cts/sm_cpu.cts.def |& tee >&@stdout /openLANE_flow/designs/sm_cpu/runs/20-05_20-11/logs/klayout/15-klayout.scrot.log"

Thu May 20 20:15:51 UTC 2021 - Executing "openroad -exit /openLANE_flow/scripts/openroad/or_resizer_timing.tcl |& tee >&@stdout /openLANE_flow/designs/sm_cpu/runs/20-05_20-11/logs/placement/15-resizer_timing.log"

Thu May 20 20:16:08 UTC 2021 - Executing "openroad -exit /openLANE_flow/scripts/openroad/or_write_verilog.tcl |& tee >&@stdout /openLANE_flow/designs/sm_cpu/runs/20-05_20-11/logs/16-write_verilog.log"

Thu May 20 20:16:12 UTC 2021 - Executing "sed -i -e {s/\(set ::env(CURRENT_NETLIST)\).*/\1 \/openLANE_flow\/designs\/sm_cpu\/runs\/20-05_20-11\/results\/synthesis\/sm_cpu.synthesis_optimized.v/} /openLANE_flow/designs/sm_cpu/runs/20-05_20-11/config.tcl"

Thu May 20 20:16:12 UTC 2021 - Executing "sed -i -e {s/\(set ::env(PREV_NETLIST)\).*/\1 \/openLANE_flow\/designs\/sm_cpu\/runs\/20-05_20-11\/results\/synthesis\/sm_cpu.synthesis_cts.v/} /openLANE_flow/designs/sm_cpu/runs/20-05_20-11/config.tcl"

Thu May 20 20:16:12 UTC 2021 - Executing "sta /openLANE_flow/scripts/sta.tcl |& tee >&@stdout /openLANE_flow/designs/sm_cpu/runs/20-05_20-11/logs/synthesis/17-opensta_post_resizer_timing"

Thu May 20 20:16:16 UTC 2021 - Executing "openroad -exit /openLANE_flow/scripts/openroad/or_groute.tcl |& tee >&@stdout /openLANE_flow/designs/sm_cpu/runs/20-05_20-11/logs/routing/18-fastroute.log"

Thu May 20 20:16:38 UTC 2021 - Executing "openroad -exit /openLANE_flow/scripts/openroad/or_fill.tcl |& tee >&@stdout /openLANE_flow/designs/sm_cpu/runs/20-05_20-11/logs/routing/19-addspacers.log"

Thu May 20 20:16:42 UTC 2021 - Executing "openroad -exit /openLANE_flow/scripts/openroad/or_write_verilog.tcl |& tee >&@stdout /openLANE_flow/designs/sm_cpu/runs/20-05_20-11/logs/20-write_verilog.log"

Thu May 20 20:16:47 UTC 2021 - Executing "sed -i -e {s/\(set ::env(CURRENT_NETLIST)\).*/\1 \/openLANE_flow\/designs\/sm_cpu\/runs\/20-05_20-11\/results\/synthesis\/sm_cpu.synthesis_preroute.v/} /openLANE_flow/designs/sm_cpu/runs/20-05_20-11/config.tcl"

Thu May 20 20:16:47 UTC 2021 - Executing "sed -i -e {s/\(set ::env(PREV_NETLIST)\).*/\1 \/openLANE_flow\/designs\/sm_cpu\/runs\/20-05_20-11\/results\/synthesis\/sm_cpu.synthesis_optimized.v/} /openLANE_flow/designs/sm_cpu/runs/20-05_20-11/config.tcl"

Thu May 20 20:16:47 UTC 2021 - Executing "envsubst < /openLANE_flow/scripts/tritonRoute.param > /openLANE_flow/designs/sm_cpu/runs/20-05_20-11/tmp/routing/21-tritonRoute.param"

Thu May 20 20:16:47 UTC 2021 - Executing "TritonRoute /openLANE_flow/designs/sm_cpu/runs/20-05_20-11/tmp/routing/21-tritonRoute.param |& tee >&@stdout /openLANE_flow/designs/sm_cpu/runs/20-05_20-11/logs/routing/21-tritonRoute.log"

Thu May 20 20:42:57 UTC 2021 - Executing "python3 /openLANE_flow/scripts/tr2klayout.py -i /openLANE_flow/designs/sm_cpu/runs/20-05_20-11/reports/routing/21-tritonRoute.drc -o /openLANE_flow/designs/sm_cpu/runs/20-05_20-11/reports/routing/21-tritonRoute.klayout.xml --design-name sm_cpu"

Thu May 20 20:42:57 UTC 2021 - Executing "bash /openLANE_flow/scripts/klayout/scrotLayout.sh /home/egor/openlane/pdks/sky130A/libs.tech/klayout/sky130A.lyt /openLANE_flow/designs/sm_cpu/runs/20-05_20-11/results/routing/sm_cpu.def |& tee >&@stdout /openLANE_flow/designs/sm_cpu/runs/20-05_20-11/logs/klayout/22-klayout.scrot.log"

Thu May 20 20:43:06 UTC 2021 - Executing "python3 /openLANE_flow/scripts/spef_extractor/main.py -l /openLANE_flow/designs/sm_cpu/runs/20-05_20-11/tmp/merged_unpadded.lef -d /openLANE_flow/designs/sm_cpu/runs/20-05_20-11/results/routing/sm_cpu.def -mw L -ec 1 |& tee >&@stdout /openLANE_flow/designs/sm_cpu/runs/20-05_20-11/logs/routing/23-spef_extraction.log"

Thu May 20 20:43:21 UTC 2021 - Executing "sta /openLANE_flow/scripts/sta.tcl |& tee >&@stdout /openLANE_flow/designs/sm_cpu/runs/20-05_20-11/logs/synthesis/24-opensta_spef"

Thu May 20 20:43:26 UTC 2021 - Executing "python3 /openLANE_flow/scripts/write_powered_def.py -d /openLANE_flow/designs/sm_cpu/runs/20-05_20-11/results/routing/sm_cpu.def -l /openLANE_flow/designs/sm_cpu/runs/20-05_20-11/tmp/merged.lef --power-port VPWR --ground-port VGND --powered-netlist {} -o /openLANE_flow/designs/sm_cpu/runs/20-05_20-11/tmp/routing/25-sm_cpu.powered.def |& tee >&@stdout /openLANE_flow/designs/sm_cpu/runs/20-05_20-11/logs/lvs/25-write_powered_verilog.log"

Thu May 20 20:43:29 UTC 2021 - Executing "openroad -exit /openLANE_flow/scripts/openroad/or_write_verilog.tcl |& tee >&@stdout /openLANE_flow/designs/sm_cpu/runs/20-05_20-11/logs/26-write_verilog.log"

Thu May 20 20:43:34 UTC 2021 - Executing "sed -i -e {s/\(set ::env(CURRENT_NETLIST)\).*/\1 \/openLANE_flow\/designs\/sm_cpu\/runs\/20-05_20-11\/results\/lvs\/sm_cpu.lvs.powered.v/} /openLANE_flow/designs/sm_cpu/runs/20-05_20-11/config.tcl"

Thu May 20 20:43:34 UTC 2021 - Executing "sed -i -e {s/\(set ::env(PREV_NETLIST)\).*/\1 \/openLANE_flow\/designs\/sm_cpu\/runs\/20-05_20-11\/results\/synthesis\/sm_cpu.synthesis_preroute.v/} /openLANE_flow/designs/sm_cpu/runs/20-05_20-11/config.tcl"

Thu May 20 20:43:34 UTC 2021 - Executing "magic -noconsole -dnull -rcfile /home/egor/openlane/pdks/sky130A/libs.tech/magic/sky130A.magicrc /openLANE_flow/scripts/magic/mag_gds.tcl </dev/null |& tee >&@stdout /openLANE_flow/designs/sm_cpu/runs/20-05_20-11/logs/magic/27-magic.log"

Thu May 20 20:43:46 UTC 2021 - Executing "bash /openLANE_flow/scripts/klayout/scrotLayout.sh /home/egor/openlane/pdks/sky130A/libs.tech/klayout/sky130A.lyt /openLANE_flow/designs/sm_cpu/runs/20-05_20-11/results/magic/sm_cpu.gds |& tee >&@stdout /openLANE_flow/designs/sm_cpu/runs/20-05_20-11/logs/klayout/28-klayout.scrot.log"

Thu May 20 20:43:53 UTC 2021 - Executing "magic -noconsole -dnull -rcfile /home/egor/openlane/pdks/sky130A/libs.tech/magic/sky130A.magicrc /openLANE_flow/scripts/magic/gds_pointers.tcl </dev/null |& tee >&@stdout /openLANE_flow/designs/sm_cpu/runs/20-05_20-11/logs/magic/29-magic.mag.gds_ptrs.log"

Thu May 20 20:44:01 UTC 2021 - Executing "sed -i -n {/^<< properties >>/,/^<< end >>/p} /openLANE_flow/designs/sm_cpu/runs/20-05_20-11/tmp/magic/magic_gds_ptrs.mag"

Thu May 20 20:44:01 UTC 2021 - Executing "magic -noconsole -dnull -rcfile /home/egor/openlane/pdks/sky130A/libs.tech/magic/sky130A.magicrc /openLANE_flow/scripts/magic/lef.tcl </dev/null |& tee >&@stdout /openLANE_flow/designs/sm_cpu/runs/20-05_20-11/logs/magic/30-magic.lef.log"

Thu May 20 20:44:12 UTC 2021 - Executing "magic -noconsole -dnull -rcfile /home/egor/openlane/pdks/sky130A/libs.tech/magic/sky130A.magicrc /openLANE_flow/scripts/magic/maglef.tcl </dev/null |& tee >&@stdout /openLANE_flow/designs/sm_cpu/runs/20-05_20-11/logs/magic/31-magic.maglef.log"

Thu May 20 20:44:13 UTC 2021 - Executing "bash /openLANE_flow/scripts/klayout/def2gds.sh /home/egor/openlane/pdks/sky130A/libs.tech/klayout/sky130A.lyt /openLANE_flow/designs/sm_cpu/runs/20-05_20-11/results/routing/sm_cpu.def sm_cpu /openLANE_flow/designs/sm_cpu/runs/20-05_20-11/results/klayout/sm_cpu.gds {/home/egor/openlane/pdks/sky130A/libs.ref/sky130_fd_sc_hd/gds/sky130_ef_sc_hd__fakediode_2.gds /home/egor/openlane/pdks/sky130A/libs.ref/sky130_fd_sc_hd/gds/sky130_fd_sc_hd.gds /home/egor/openlane/pdks/sky130A/libs.ref/sky130_fd_sc_hd/gds/sky130_ef_sc_hd__fill_12.gds /home/egor/openlane/pdks/sky130A/libs.ref/sky130_fd_sc_hd/gds/sky130_ef_sc_hd__decap_12.gds } |& tee >&@stdout /openLANE_flow/designs/sm_cpu/runs/20-05_20-11/logs/klayout/32-klayout.log"

Thu May 20 20:44:20 UTC 2021 - Executing "bash /openLANE_flow/scripts/klayout/scrotLayout.sh /home/egor/openlane/pdks/sky130A/libs.tech/klayout/sky130A.lyt /openLANE_flow/designs/sm_cpu/runs/20-05_20-11/results/klayout/sm_cpu.gds |& tee >&@stdout /openLANE_flow/designs/sm_cpu/runs/20-05_20-11/logs/klayout/33-klayout.scrot.log"

Thu May 20 20:44:28 UTC 2021 - Executing "bash /openLANE_flow/scripts/klayout/xor.sh /openLANE_flow/designs/sm_cpu/runs/20-05_20-11/results/magic/sm_cpu.gds /openLANE_flow/designs/sm_cpu/runs/20-05_20-11/results/klayout/sm_cpu.gds sm_cpu /openLANE_flow/designs/sm_cpu/runs/20-05_20-11/results/klayout/sm_cpu.xor.gds |& tee >&@stdout /openLANE_flow/designs/sm_cpu/runs/20-05_20-11/logs/klayout/34-klayout.xor.log"

Thu May 20 20:45:34 UTC 2021 - Executing "python3 /openLANE_flow/scripts/parse_klayout_xor_log.py -l /openLANE_flow/designs/sm_cpu/runs/20-05_20-11/logs/klayout/34-klayout.xor.log -o /openLANE_flow/designs/sm_cpu/runs/20-05_20-11/reports/klayout/34-klayout.xor.rpt"

Thu May 20 20:45:34 UTC 2021 - Executing "bash /openLANE_flow/scripts/klayout/scrotLayout.sh /home/egor/openlane/pdks/sky130A/libs.tech/klayout/sky130A.lyt /openLANE_flow/designs/sm_cpu/runs/20-05_20-11/results/klayout/sm_cpu.xor.gds |& tee >&@stdout /openLANE_flow/designs/sm_cpu/runs/20-05_20-11/logs/klayout/35-klayout.scrot.log"

Thu May 20 20:45:41 UTC 2021 - Executing "bash /openLANE_flow/scripts/klayout/xor.sh /openLANE_flow/designs/sm_cpu/runs/20-05_20-11/results/magic/sm_cpu.gds /openLANE_flow/designs/sm_cpu/runs/20-05_20-11/results/klayout/sm_cpu.gds sm_cpu /openLANE_flow/designs/sm_cpu/runs/20-05_20-11/results/klayout/sm_cpu.xor.xml |& tee >&@stdout /openLANE_flow/designs/sm_cpu/runs/20-05_20-11/logs/klayout/36-klayout.xor.log"

Thu May 20 20:47:28 UTC 2021 - Executing "python3 /openLANE_flow/scripts/parse_klayout_xor_log.py -l /openLANE_flow/designs/sm_cpu/runs/20-05_20-11/logs/klayout/36-klayout.xor.log -o /openLANE_flow/designs/sm_cpu/runs/20-05_20-11/reports/klayout/36-klayout.xor.rpt"

Thu May 20 20:47:28 UTC 2021 - Executing "magic -noconsole -dnull -rcfile /home/egor/openlane/pdks/sky130A/libs.tech/magic/sky130A.magicrc /openLANE_flow/designs/sm_cpu/runs/20-05_20-11/tmp/magic_spice.tcl </dev/null |& tee >&@stdout /openLANE_flow/designs/sm_cpu/runs/20-05_20-11/logs/magic/37-magic_spice.log"

Thu May 20 20:48:04 UTC 2021 - Executing "netgen -batch source /openLANE_flow/designs/sm_cpu/runs/20-05_20-11/tmp/lvs/setup_file.lef.lvs |& tee >&@stdout /openLANE_flow/designs/sm_cpu/runs/20-05_20-11/logs/lvs/38-lvs.lef.log"

Thu May 20 20:48:06 UTC 2021 - Executing "magic -noconsole -dnull -rcfile /home/egor/openlane/pdks/sky130A/libs.tech/magic/sky130A.magicrc /openLANE_flow/scripts/magic/drc.tcl </dev/null |& tee >&@stdout /openLANE_flow/designs/sm_cpu/runs/20-05_20-11/logs/magic/39-magic.drc.log"

Thu May 20 20:50:06 UTC 2021 - Executing "python3 /openLANE_flow/scripts/magic_drc_to_tcl.py -i /openLANE_flow/designs/sm_cpu/runs/20-05_20-11/reports/magic/39-magic.drc -o /openLANE_flow/designs/sm_cpu/runs/20-05_20-11/reports/magic/39-magic.drc.tcl"

Thu May 20 20:50:06 UTC 2021 - Executing "python3 /openLANE_flow/scripts/magic_drc_to_tr_drc.py -i /openLANE_flow/designs/sm_cpu/runs/20-05_20-11/reports/magic/39-magic.drc -o /openLANE_flow/designs/sm_cpu/runs/20-05_20-11/reports/magic/39-magic.tr.drc"

Thu May 20 20:50:06 UTC 2021 - Executing "python3 /openLANE_flow/scripts/tr2klayout.py -i /openLANE_flow/designs/sm_cpu/runs/20-05_20-11/reports/magic/39-magic.tr.drc -o /openLANE_flow/designs/sm_cpu/runs/20-05_20-11/reports/magic/39-magic.drc.klayout.xml --design-name sm_cpu"

Thu May 20 20:50:06 UTC 2021 - Executing "python3 /openLANE_flow/scripts/magic_drc_to_rdb.py --magic_drc_in /openLANE_flow/designs/sm_cpu/runs/20-05_20-11/reports/magic/39-magic.drc --rdb_out /openLANE_flow/designs/sm_cpu/runs/20-05_20-11/reports/magic/39-magic.drc.rdb"

Thu May 20 20:50:06 UTC 2021 - Executing "openroad -exit /openLANE_flow/scripts/openroad/or_antenna_check.tcl |& tee >&@stdout /openLANE_flow/designs/sm_cpu/runs/20-05_20-11/logs/routing/40-or_antenna.log"

Thu May 20 20:50:12 UTC 2021 - Executing "mv -f /openLANE_flow/designs/sm_cpu/runs/20-05_20-11/reports/routing/antenna.rpt /openLANE_flow/designs/sm_cpu/runs/20-05_20-11/reports/routing/41-antenna.rpt"

Thu May 20 20:50:13 UTC 2021 - Executing "awk { BEGIN {  # Print power and standard_input definitions
    print "VPWR power 1.8";
    print "VGND power 0.0";
    print "#define std_input min@VGND max@VPWR";
}
$1 == "input" {  # Print input nets
    gsub(/;/, "");
    if ( $2 == "VPWR" || $2 == "VGND" ) {  # ignore power nets
        next;
    }
    if ( NF == 3 ) {  # print buses as net[range]
        $2 = $3 $2;
    }
    print $2, "input std_input";
}} /openLANE_flow/designs/sm_cpu/runs/20-05_20-11/results/lvs/sm_cpu.lvs.powered.v > /openLANE_flow/designs/sm_cpu/runs/20-05_20-11/results/cvc/sm_cpu.power"

Thu May 20 20:50:13 UTC 2021 - Executing "awk { /Black-box entry subcircuit/ {  # remove black-box defintions
    while ( $1 != ".ends" ) {
        getline;
    }
    getline;
}
/^\*/ {  # remove comments
    next;
}
/^.ENDS .*/ {  # remove name from ends lines
    print $1;
    next;
}
 {
    print $0;
}} /home/egor/openlane/pdks/sky130A/libs.ref/sky130_fd_sc_hd/cdl/sky130_fd_sc_hd.cdl /openLANE_flow/designs/sm_cpu/runs/20-05_20-11/results/magic/sm_cpu.lef.spice > /openLANE_flow/designs/sm_cpu/runs/20-05_20-11/results/cvc/sm_cpu.cdl"

Thu May 20 20:50:13 UTC 2021 - Executing "cvc /openLANE_flow/scripts/cvc/sky130A/cvcrc.sky130A |& tee >&@stdout /openLANE_flow/designs/sm_cpu/runs/20-05_20-11/logs/cvc/42-cvc_screen.log"

Thu May 20 20:50:14 UTC 2021 - Executing "python3 /openLANE_flow/report_generation_wrapper.py -d /openLANE_flow/designs/sm_cpu -dn sm_cpu -t 20-05_20-11 -o /openLANE_flow/designs/sm_cpu/runs/20-05_20-11/reports/final_summary_report.csv -m /openLANE_flow/designs/sm_cpu/runs/20-05_20-11/reports/manufacturability_report.rpt -rs /openLANE_flow/designs/sm_cpu/runs/20-05_20-11/reports/runtime_summary_report.rpt -r /openLANE_flow/designs/sm_cpu/runs/20-05_20-11"

