
Magic 8.3 revision 145 - Compiled on Mon Mar 22 04:21:56 UTC 2021.
Starting magic under Tcl interpreter
Using the terminal as the console.
Using NULL graphics device.
Processing system .magicrc file
Sourcing design .magicrc for technology sky130A ...
2 Magic internal units = 1 Lambda
Input style sky130(): scaleFactor=2, multiplier=2
Scaled tech values by 2 / 1 to match internal grid scaling
Loading sky130A Device Generator Menu ...
Loading "/openLANE_flow/scripts/magic/drc.tcl" from command line.
Warning: Calma reading is not undoable!  I hope that's OK.
Library written using GDS-II Release 3.0
Library name: sm_cpu
Reading "sky130_fd_sc_hd__decap_3".
Reading "sky130_fd_sc_hd__buf_4".
Reading "sky130_fd_sc_hd__clkbuf_2".
Reading "sky130_fd_sc_hd__decap_8".
Reading "sky130_fd_sc_hd__fill_1".
Reading "sky130_fd_sc_hd__decap_6".
Reading "sky130_fd_sc_hd__decap_12".
Reading "sky130_fd_sc_hd__tapvpwrvgnd_1".
Reading "sky130_fd_sc_hd__fill_2".
Reading "sky130_fd_sc_hd__clkbuf_4".
Reading "sky130_fd_sc_hd__diode_2".
Reading "sky130_fd_sc_hd__a22o_1".
Reading "sky130_fd_sc_hd__decap_4".
Reading "sky130_fd_sc_hd__mux2_2".
Reading "sky130_fd_sc_hd__dfxtp_1".
Reading "sky130_fd_sc_hd__mux4_1".
Reading "sky130_fd_sc_hd__mux4_2".
Reading "sky130_fd_sc_hd__buf_6".
Reading "sky130_fd_sc_hd__buf_2".
Reading "sky130_fd_sc_hd__buf_1".
Reading "sky130_fd_sc_hd__buf_8".
Reading "sky130_fd_sc_hd__mux2_1".
Reading "sky130_fd_sc_hd__clkbuf_16".
Reading "sky130_fd_sc_hd__inv_2".
Reading "sky130_fd_sc_hd__dfrtp_2".
Reading "sky130_fd_sc_hd__nand2_1".
Reading "sky130_fd_sc_hd__clkbuf_1".
Reading "sky130_fd_sc_hd__o21ai_2".
Reading "sky130_fd_sc_hd__o21ai_1".
Reading "sky130_fd_sc_hd__dfrtp_4".
Reading "sky130_fd_sc_hd__o21a_1".
Reading "sky130_fd_sc_hd__mux2_4".
Reading "sky130_fd_sc_hd__or2_2".
Reading "sky130_fd_sc_hd__or2_1".
Reading "sky130_fd_sc_hd__o22a_1".
Reading "sky130_fd_sc_hd__nor2_1".
Reading "sky130_fd_sc_hd__a2bb2oi_1".
Reading "sky130_fd_sc_hd__o2bb2a_1".
Reading "sky130_fd_sc_hd__nor3_4".
Reading "sky130_fd_sc_hd__o31a_1".
Reading "sky130_fd_sc_hd__and2_1".
Reading "sky130_fd_sc_hd__a2bb2o_1".
Reading "sky130_fd_sc_hd__or4_4".
Reading "sky130_fd_sc_hd__o211a_1".
Reading "sky130_fd_sc_hd__o311a_2".
Reading "sky130_fd_sc_hd__or3_1".
Reading "sky130_fd_sc_hd__o221a_1".
Reading "sky130_fd_sc_hd__clkbuf_8".
Reading "sky130_fd_sc_hd__dfxtp_2".
Reading "sky130_fd_sc_hd__nand2_2".
Reading "sky130_fd_sc_hd__or4b_4".
Reading "sky130_fd_sc_hd__o311a_1".
Reading "sky130_fd_sc_hd__o2bb2ai_1".
Reading "sky130_fd_sc_hd__a21o_1".
Reading "sky130_fd_sc_hd__nor4_2".
Reading "sky130_fd_sc_hd__mux2_8".
Reading "sky130_fd_sc_hd__or3_4".
Reading "sky130_fd_sc_hd__nand2b_1".
Reading "sky130_fd_sc_hd__a31oi_2".
Reading "sky130_fd_sc_hd__a31o_1".
Reading "sky130_fd_sc_hd__a21oi_4".
Reading "sky130_fd_sc_hd__nor3_2".
Reading "sky130_fd_sc_hd__a21bo_1".
Reading "sky130_fd_sc_hd__nor2_4".
Reading "sky130_fd_sc_hd__dlymetal6s2s_1".
Reading "sky130_fd_sc_hd__o21ai_4".
Reading "sky130_fd_sc_hd__a32o_1".
Reading "sky130_fd_sc_hd__or3_2".
Reading "sky130_fd_sc_hd__o2111a_1".
Reading "sky130_fd_sc_hd__or3b_4".
Reading "sky130_fd_sc_hd__o221ai_2".
Reading "sky130_fd_sc_hd__o221ai_1".
Reading "sky130_fd_sc_hd__o221ai_4".
Reading "sky130_fd_sc_hd__a211o_1".
Reading "sky130_fd_sc_hd__and3_1".
Reading "sky130_fd_sc_hd__a31o_2".
Reading "sky130_fd_sc_hd__a221o_1".
Reading "sky130_fd_sc_hd__o22ai_1".
Reading "sky130_fd_sc_hd__or2_4".
Reading "sky130_fd_sc_hd__or4bb_4".
Reading "sky130_fd_sc_hd__and3_4".
Reading "sky130_fd_sc_hd__nand2_8".
Reading "sky130_fd_sc_hd__or2b_1".
Reading "sky130_fd_sc_hd__and4_4".
Reading "sky130_fd_sc_hd__or4_1".
Reading "sky130_fd_sc_hd__o22ai_2".
Reading "sky130_fd_sc_hd__o31ai_2".
Reading "sky130_fd_sc_hd__clkinv_4".
Reading "sky130_fd_sc_hd__nor2_2".
Reading "sky130_fd_sc_hd__o2111a_2".
Reading "sky130_fd_sc_hd__a21oi_2".
Reading "sky130_fd_sc_hd__o32a_1".
Reading "sky130_fd_sc_hd__o22a_2".
Reading "sky130_fd_sc_hd__a22o_2".
Reading "sky130_fd_sc_hd__a31oi_1".
Reading "sky130_fd_sc_hd__a21oi_1".
Reading "sky130_fd_sc_hd__inv_4".
Reading "sm_cpu".
    100 uses
    200 uses
    300 uses
    400 uses
    500 uses
    600 uses
    700 uses
    800 uses
    900 uses
    1000 uses
    1100 uses
    1200 uses
    1300 uses
    1400 uses
    1500 uses
    1600 uses
    1700 uses
    1800 uses
    1900 uses
    2000 uses
    2100 uses
    2200 uses
    2300 uses
    2400 uses
    2500 uses
    2600 uses
    2700 uses
    2800 uses
    2900 uses
    3000 uses
    3100 uses
    3200 uses
    3300 uses
    3400 uses
    3500 uses
    3600 uses
    3700 uses
    3800 uses
    3900 uses
    4000 uses
    4100 uses
    4200 uses
    4300 uses
    4400 uses
    4500 uses
    4600 uses
    4700 uses
    4800 uses
    4900 uses
    5000 uses
    5100 uses
    5200 uses
    5300 uses
    5400 uses
    5500 uses
    5600 uses
    5700 uses
    5800 uses
    5900 uses
    6000 uses
    6100 uses
    6200 uses
    6300 uses
    6400 uses
    6500 uses
    6600 uses
    6700 uses
    6800 uses
    6900 uses
    7000 uses
    7100 uses
    7200 uses
    7300 uses
    7400 uses
    7500 uses
    7600 uses
    7700 uses
    7800 uses
    7900 uses
    8000 uses
    8100 uses
    8200 uses
    8300 uses
    8400 uses
    8500 uses
    8600 uses
    8700 uses
    8800 uses
    8900 uses
    9000 uses
    9100 uses
    9200 uses
    9300 uses
    9400 uses
    9500 uses
    9600 uses
    9700 uses
    9800 uses
    9900 uses
    10000 uses
    10100 uses
    10200 uses
    10300 uses
    10400 uses
    10500 uses
    10600 uses
    10700 uses
    10800 uses
    10900 uses
    11000 uses
    11100 uses
    11200 uses
    11300 uses
    11400 uses
    11500 uses
    11600 uses
    11700 uses
    11800 uses
    11900 uses
    12000 uses
    12100 uses
    12200 uses
    12300 uses
    12400 uses
    12500 uses
    12600 uses
    12700 uses
    12800 uses
    12900 uses
    13000 uses
    13100 uses
    13200 uses
    13300 uses
    13400 uses
    13500 uses
    13600 uses
    13700 uses
    13800 uses
    13900 uses
    14000 uses
    14100 uses
    14200 uses
    14300 uses
    14400 uses
    14500 uses
    14600 uses
    14700 uses
    14800 uses
    14900 uses
    15000 uses
    15100 uses
    15200 uses
    15300 uses
    15400 uses
    15500 uses
    15600 uses
    15700 uses
    15800 uses
    15900 uses
    16000 uses
    16100 uses
    16200 uses
    16300 uses
    16400 uses
    16500 uses
    16600 uses
    16700 uses
    16800 uses
    16900 uses
    17000 uses
    17100 uses
    17200 uses
    17300 uses
    17400 uses
    17500 uses
    17600 uses
    17700 uses
    17800 uses
    17900 uses
    18000 uses
    18100 uses
    18200 uses
    18300 uses
[INFO]: Loading sm_cpu

DRC style is now "drc(full)"
Loading DRC CIF style.
No errors found.
[INFO]: COUNT: 0
[INFO]: Should be divided by 3 or 4
[INFO]: DRC Checking DONE (/openLANE_flow/designs/sm_cpu/runs/20-05_20-11/reports/magic/39-magic.drc)
[INFO]: Saving mag view with DRC errors(/openLANE_flow/designs/sm_cpu/runs/20-05_20-11/results/magic/sm_cpu.drc.mag)
[INFO]: Saved
