Using Techfile: /home/egor/openlane/pdks/sky130A/libs.tech/klayout/sky130A.lyt
Using layout file: /openLANE_flow/designs/sm_cpu/runs/20-05_20-11/results/klayout/sm_cpu.xor.gds
[INFO] Reading tech file: /home/egor/openlane/pdks/sky130A/libs.tech/klayout/sky130A.lyt
[INFO] Reading Layout file: /openLANE_flow/designs/sm_cpu/runs/20-05_20-11/results/klayout/sm_cpu.xor.gds
Warning: Record length larger than 0x8000 encountered: interpreting as unsigned (position=1787654, record number=135599, cell=XOR)
Warning: Record length larger than 0x8000 encountered: interpreting as unsigned (position=1836726, record number=135604, cell=XOR)
Warning: Record length larger than 0x8000 encountered: interpreting as unsigned (position=5857574, record number=420039, cell=XOR)
Warning: Record length larger than 0x8000 encountered: interpreting as unsigned (position=11683718, record number=707754, cell=XOR)
Warning: Record length larger than 0x8000 encountered: interpreting as unsigned (position=25824950, record number=1715129, cell=XOR)
Warning: Record length larger than 0x8000 encountered: interpreting as unsigned (position=25915446, record number=1715204, cell=XOR)
Warning: Record length larger than 0x8000 encountered: interpreting as unsigned (position=26013718, record number=1715534, cell=XOR)
Warning: Record length larger than 0x8000 encountered: interpreting as unsigned (position=26088598, record number=1715699, cell=XOR)
Warning: Record length larger than 0x8000 encountered: interpreting as unsigned (position=26185750, record number=1715814, cell=XOR)
Warning: Record length larger than 0x8000 encountered: interpreting as unsigned (position=26240198, record number=1715974, cell=XOR)
Warning: Record length larger than 0x8000 encountered: interpreting as unsigned (position=26284326, record number=1715994, cell=XOR)
Warning: Record length larger than 0x8000 encountered: interpreting as unsigned (position=26377766, record number=1716079, cell=XOR)
Warning: Record length larger than 0x8000 encountered: interpreting as unsigned (position=26433814, record number=1716094, cell=XOR)
Warning: Record length larger than 0x8000 encountered: interpreting as unsigned (position=26503174, record number=1716204, cell=XOR)
Warning: Record length larger than 0x8000 encountered: interpreting as unsigned (position=26556934, record number=1716229, cell=XOR)
Warning: Record length larger than 0x8000 encountered: interpreting as unsigned (position=26614182, record number=1716364, cell=XOR)
Warning: Record length larger than 0x8000 encountered: interpreting as unsigned (position=26668774, record number=1716374, cell=XOR)
Warning: Record length larger than 0x8000 encountered: interpreting as unsigned (position=26710422, record number=1716419, cell=XOR)
Warning: Record length larger than 0x8000 encountered: interpreting as unsigned (position=26802598, record number=1716509, cell=XOR)
Warning: Record length larger than 0x8000 encountered: interpreting as unsigned (position=26928902, record number=1716904, cell=XOR)
Warning: Record length larger than 0x8000 encountered: interpreting as unsigned (position=26972406, record number=1716924, cell=XOR)
Warning: Record length larger than 0x8000 encountered: interpreting as unsigned (position=27122982, record number=1717244, cell=XOR)
Warning: Record length larger than 0x8000 encountered: interpreting as unsigned (position=27175190, record number=1717284, cell=XOR)
Warning: Record length larger than 0x8000 encountered: interpreting as unsigned (position=27228086, record number=1717334, cell=XOR)
Warning: Record length larger than 0x8000 encountered: interpreting as unsigned (position=27276598, record number=1717394, cell=XOR)
Warning: Record length larger than 0x8000 encountered: interpreting as unsigned (position=27419718, record number=1717679, cell=XOR)
Warning: Record length larger than 0x8000 encountered: interpreting as unsigned (position=27463094, record number=1717724, cell=XOR)
Warning: Record length larger than 0x8000 encountered: interpreting as unsigned (position=27513430, record number=1717754, cell=XOR)
Warning: Record length larger than 0x8000 encountered: interpreting as unsigned (position=27603158, record number=1717959, cell=XOR)
Warning: Record length larger than 0x8000 encountered: interpreting as unsigned (position=27664166, record number=1718109, cell=XOR)
Warning: Record length larger than 0x8000 encountered: interpreting as unsigned (position=27767270, record number=1718219, cell=XOR)
Warning: Record length larger than 0x8000 encountered: interpreting as unsigned (position=27813990, record number=1718279, cell=XOR)
Warning: Record length larger than 0x8000 encountered: interpreting as unsigned (position=27921734, record number=1718464, cell=XOR)
Warning: Record length larger than 0x8000 encountered: interpreting as unsigned (position=27970502, record number=1718509, cell=XOR)
Warning: Record length larger than 0x8000 encountered: interpreting as unsigned (position=28160518, record number=1718969, cell=XOR)
Warning: Record length larger than 0x8000 encountered: interpreting as unsigned (position=28251686, record number=1719039, cell=XOR)
Warning: Record length larger than 0x8000 encountered: interpreting as unsigned (position=28324054, record number=1719324, cell=XOR)
Warning: Record length larger than 0x8000 encountered: interpreting as unsigned (position=28383430, record number=1719359, cell=XOR)
Warning: Record length larger than 0x8000 encountered: interpreting as unsigned (position=28440838, record number=1719419, cell=XOR)
Warning: Record length larger than 0x8000 encountered: interpreting as unsigned (position=28485942, record number=1719429, cell=XOR)
Warning: Record length larger than 0x8000 encountered: interpreting as unsigned (position=28544038, record number=1719474, cell=XOR)
Warning: Record length larger than 0x8000 encountered: interpreting as unsigned (position=28586902, record number=1719514, cell=XOR)
Warning: Record length larger than 0x8000 encountered: interpreting as unsigned (position=28631718, record number=1719549, cell=XOR)
Warning: Record length larger than 0x8000 encountered: interpreting as unsigned (position=28813398, record number=1719894, cell=XOR)
Warning: Record length larger than 0x8000 encountered: interpreting as unsigned (position=28971270, record number=1720079, cell=XOR)
Warning: Record length larger than 0x8000 encountered: interpreting as unsigned (position=29073382, record number=1720134, cell=XOR)
Warning: Record length larger than 0x8000 encountered: interpreting as unsigned (position=29149686, record number=1720254, cell=XOR)
Warning: Record length larger than 0x8000 encountered: interpreting as unsigned (position=29211974, record number=1720324, cell=XOR)
Warning: Record length larger than 0x8000 encountered: interpreting as unsigned (position=29401382, record number=1720549, cell=XOR)
Warning: Record length larger than 0x8000 encountered: interpreting as unsigned (position=29457014, record number=1720599, cell=XOR)
Warning: Record length larger than 0x8000 encountered: interpreting as unsigned (position=29491014, record number=1720609, cell=XOR)
Warning: Record length larger than 0x8000 encountered: interpreting as unsigned (position=29531078, record number=1720679, cell=XOR)
Warning: Record length larger than 0x8000 encountered: interpreting as unsigned (position=29644022, record number=1720839, cell=XOR)
Warning: Record length larger than 0x8000 encountered: interpreting as unsigned (position=29731494, record number=1720889, cell=XOR)
Warning: Record length larger than 0x8000 encountered: interpreting as unsigned (position=29778646, record number=1720969, cell=XOR)
Warning: Record length larger than 0x8000 encountered: interpreting as unsigned (position=29827670, record number=1721004, cell=XOR)
Warning: Record length larger than 0x8000 encountered: interpreting as unsigned (position=29951750, record number=1721219, cell=XOR)
Warning: Record length larger than 0x8000 encountered: interpreting as unsigned (position=30021094, record number=1721254, cell=XOR)
Warning: Record length larger than 0x8000 encountered: interpreting as unsigned (position=30081526, record number=1721354, cell=XOR)
Warning: Record length larger than 0x8000 encountered: interpreting as unsigned (position=30139638, record number=1721364, cell=XOR)
Warning: Record length larger than 0x8000 encountered: interpreting as unsigned (position=30283958, record number=1721624, cell=XOR)
Warning: Record length larger than 0x8000 encountered: interpreting as unsigned (position=30392262, record number=1721744, cell=XOR)
Warning: Record length larger than 0x8000 encountered: interpreting as unsigned (position=42479494, record number=2558549, cell=XOR)
Warning: Record length larger than 0x8000 encountered: interpreting as unsigned (position=69125158, record number=4109744, cell=XOR)
Warning: Record length larger than 0x8000 encountered: interpreting as unsigned (position=76916022, record number=4562989, cell=XOR)
Warning: Record length larger than 0x8000 encountered: interpreting as unsigned (position=77133206, record number=4564104, cell=XOR)
Warning: Record length larger than 0x8000 encountered: interpreting as unsigned (position=77657142, record number=4577079, cell=XOR)
Warning: Record length larger than 0x8000 encountered: interpreting as unsigned (position=77739078, record number=4577129, cell=XOR)
Warning: Record length larger than 0x8000 encountered: interpreting as unsigned (position=85913834, record number=4900207, cell=XOR)
Warning: Record length larger than 0x8000 encountered: interpreting as unsigned (position=85951258, record number=4900217, cell=XOR)
Warning: Record length larger than 0x8000 encountered: interpreting as unsigned (position=86012890, record number=4900267, cell=XOR)
Warning: Record length larger than 0x8000 encountered: interpreting as unsigned (position=86071642, record number=4900272, cell=XOR)
[INFO] Writing out PNG screenshot '/openLANE_flow/designs/sm_cpu/runs/20-05_20-11/results/klayout/sm_cpu.xor.gds.png'
Done
