First Layout: /openLANE_flow/designs/sm_cpu/runs/20-05_20-11/results/magic/sm_cpu.gds
Second Layout: /openLANE_flow/designs/sm_cpu/runs/20-05_20-11/results/klayout/sm_cpu.gds
Design Name: sm_cpu
Output GDS will be: /openLANE_flow/designs/sm_cpu/runs/20-05_20-11/results/klayout/sm_cpu.xor.xml
Reading /openLANE_flow/designs/sm_cpu/runs/20-05_20-11/results/magic/sm_cpu.gds ..
Reading /openLANE_flow/designs/sm_cpu/runs/20-05_20-11/results/klayout/sm_cpu.gds ..
--- Running XOR for 122/16 ---
"_input" in: xor.drc:38
Elapsed: 0.010s
"_input" in: xor.drc:38
Elapsed: 0.010s
"^" in: xor.drc:38
Elapsed: 0.420s
XOR differences: 27014
"_output" in: xor.drc:40
Elapsed: 0.100s
--- Running XOR for 235/4 ---
"_input" in: xor.drc:38
Elapsed: 0.010s
"_input" in: xor.drc:38
Elapsed: 0.010s
"^" in: xor.drc:38
Elapsed: 0.020s
XOR differences: 1
"_output" in: xor.drc:40
Elapsed: 0.020s
--- Running XOR for 236/0 ---
"_input" in: xor.drc:38
Elapsed: 0.010s
"_input" in: xor.drc:38
Elapsed: 0.010s
"^" in: xor.drc:38
Elapsed: 0.630s
XOR differences: 87
"_output" in: xor.drc:40
Elapsed: 0.010s
--- Running XOR for 237/0 ---
"_input" in: xor.drc:38
Elapsed: 0.010s
"_input" in: xor.drc:38
Elapsed: 0.010s
"^" in: xor.drc:38
Elapsed: 0.010s
XOR differences: 1
"_output" in: xor.drc:40
Elapsed: 0.030s
--- Running XOR for 64/16 ---
"_input" in: xor.drc:38
Elapsed: 0.010s
"_input" in: xor.drc:38
Elapsed: 0.010s
"^" in: xor.drc:38
Elapsed: 0.390s
XOR differences: 27131
"_output" in: xor.drc:40
Elapsed: 0.090s
--- Running XOR for 64/20 ---
"_input" in: xor.drc:38
Elapsed: 0.010s
"_input" in: xor.drc:38
Elapsed: 0.010s
"^" in: xor.drc:38
Elapsed: 0.740s
XOR differences: 58
"_output" in: xor.drc:40
Elapsed: 0.010s
--- Running XOR for 64/5 ---
"_input" in: xor.drc:38
Elapsed: 0.010s
"_input" in: xor.drc:38
Elapsed: 0.010s
"^" in: xor.drc:38
Elapsed: 0.150s
XOR differences: 0
"_output" in: xor.drc:40
Elapsed: 0.010s
--- Running XOR for 64/59 ---
"_input" in: xor.drc:38
Elapsed: 0.010s
"_input" in: xor.drc:38
Elapsed: 0.020s
"^" in: xor.drc:38
Elapsed: 0.150s
XOR differences: 0
"_output" in: xor.drc:40
Elapsed: 0.010s
--- Running XOR for 65/20 ---
"_input" in: xor.drc:38
Elapsed: 0.010s
"_input" in: xor.drc:38
Elapsed: 0.010s
"^" in: xor.drc:38
Elapsed: 2.050s
XOR differences: 43110
"_output" in: xor.drc:40
Elapsed: 0.160s
--- Running XOR for 65/44 ---
"_input" in: xor.drc:38
Elapsed: 0.010s
"_input" in: xor.drc:38
Elapsed: 0.010s
"^" in: xor.drc:38
Elapsed: 0.110s
XOR differences: 6042
"_output" in: xor.drc:40
Elapsed: 0.030s
--- Running XOR for 66/20 ---
"_input" in: xor.drc:38
Elapsed: 0.010s
"_input" in: xor.drc:38
Elapsed: 0.010s
"^" in: xor.drc:38
Elapsed: 8.040s
XOR differences: 55054
"_output" in: xor.drc:40
Elapsed: 0.250s
--- Running XOR for 66/44 ---
"_input" in: xor.drc:38
Elapsed: 0.010s
"_input" in: xor.drc:38
Elapsed: 0.010s
"^" in: xor.drc:38
Elapsed: 6.850s
XOR differences: 272397
"_output" in: xor.drc:40
Elapsed: 1.100s
--- Running XOR for 67/16 ---
"_input" in: xor.drc:38
Elapsed: 0.010s
"_input" in: xor.drc:38
Elapsed: 0.010s
"^" in: xor.drc:38
Elapsed: 0.660s
XOR differences: 71734
"_output" in: xor.drc:40
Elapsed: 0.260s
--- Running XOR for 67/20 ---
"_input" in: xor.drc:38
Elapsed: 0.010s
"_input" in: xor.drc:38
Elapsed: 0.010s
"^" in: xor.drc:38
Elapsed: 17.860s
XOR differences: 51625
"_output" in: xor.drc:40
Elapsed: 0.230s
--- Running XOR for 67/44 ---
"_input" in: xor.drc:38
Elapsed: 0.020s
"_input" in: xor.drc:38
Elapsed: 0.010s
"^" in: xor.drc:38
Elapsed: 3.740s
XOR differences: 186492
"_output" in: xor.drc:40
Elapsed: 0.670s
--- Running XOR for 67/5 ---
"_input" in: xor.drc:38
Elapsed: 0.010s
"_input" in: xor.drc:38
Elapsed: 0.010s
"^" in: xor.drc:38
Elapsed: 0.100s
XOR differences: 0
"_output" in: xor.drc:40
Elapsed: 0.010s
--- Running XOR for 68/16 ---
"_input" in: xor.drc:38
Elapsed: 0.010s
"_input" in: xor.drc:38
Elapsed: 0.010s
"^" in: xor.drc:38
Elapsed: 0.690s
XOR differences: 54909
"_output" in: xor.drc:40
Elapsed: 0.210s
--- Running XOR for 68/20 ---
"_input" in: xor.drc:38
Elapsed: 0.010s
"_input" in: xor.drc:38
Elapsed: 0.010s
"^" in: xor.drc:38
Elapsed: 4.320s
XOR differences: 30732
"_output" in: xor.drc:40
Elapsed: 0.150s
--- Running XOR for 68/44 ---
"_input" in: xor.drc:38
Elapsed: 0.010s
"_input" in: xor.drc:38
Elapsed: 0.020s
"^" in: xor.drc:38
Elapsed: 0.580s
XOR differences: 67159
"_output" in: xor.drc:40
Elapsed: 0.250s
--- Running XOR for 68/5 ---
"_input" in: xor.drc:38
Elapsed: 0.010s
"_input" in: xor.drc:38
Elapsed: 0.020s
"^" in: xor.drc:38
Elapsed: 0.170s
XOR differences: 0
"_output" in: xor.drc:40
Elapsed: 0.010s
--- Running XOR for 69/16 ---
"_input" in: xor.drc:38
Elapsed: 0.010s
"_input" in: xor.drc:38
Elapsed: 0.010s
"^" in: xor.drc:38
Elapsed: 0.060s
XOR differences: 122
"_output" in: xor.drc:40
Elapsed: 0.010s
--- Running XOR for 69/20 ---
"_input" in: xor.drc:38
Elapsed: 0.010s
"_input" in: xor.drc:38
Elapsed: 0.010s
"^" in: xor.drc:38
Elapsed: 1.910s
XOR differences: 31779
"_output" in: xor.drc:40
Elapsed: 0.170s
--- Running XOR for 69/44 ---
"_input" in: xor.drc:38
Elapsed: 0.020s
"_input" in: xor.drc:38
Elapsed: 0.010s
"^" in: xor.drc:38
Elapsed: 0.200s
XOR differences: 19702
"_output" in: xor.drc:40
Elapsed: 0.080s
--- Running XOR for 69/5 ---
"_input" in: xor.drc:38
Elapsed: 0.010s
"_input" in: xor.drc:38
Elapsed: 0.010s
"^" in: xor.drc:38
Elapsed: 0.010s
XOR differences: 0
"_output" in: xor.drc:40
Elapsed: 0.030s
--- Running XOR for 70/16 ---
"_input" in: xor.drc:38
Elapsed: 0.010s
"_input" in: xor.drc:38
Elapsed: 0.010s
"^" in: xor.drc:38
Elapsed: 0.060s
XOR differences: 84
"_output" in: xor.drc:40
Elapsed: 0.020s
--- Running XOR for 70/20 ---
"_input" in: xor.drc:38
Elapsed: 0.010s
"_input" in: xor.drc:38
Elapsed: 0.010s
"^" in: xor.drc:38
Elapsed: 0.440s
XOR differences: 9841
"_output" in: xor.drc:40
Elapsed: 0.050s
--- Running XOR for 70/44 ---
"_input" in: xor.drc:38
Elapsed: 0.010s
"_input" in: xor.drc:38
Elapsed: 0.010s
"^" in: xor.drc:38
Elapsed: 0.100s
XOR differences: 6910
"_output" in: xor.drc:40
Elapsed: 0.030s
--- Running XOR for 70/5 ---
"_input" in: xor.drc:38
Elapsed: 0.020s
"_input" in: xor.drc:38
Elapsed: 0.010s
"^" in: xor.drc:38
Elapsed: 0.010s
XOR differences: 0
"_output" in: xor.drc:40
Elapsed: 0.030s
--- Running XOR for 71/16 ---
"_input" in: xor.drc:38
Elapsed: 0.010s
"_input" in: xor.drc:38
Elapsed: 0.010s
"^" in: xor.drc:38
Elapsed: 0.060s
XOR differences: 10
"_output" in: xor.drc:40
Elapsed: 0.010s
--- Running XOR for 71/20 ---
"_input" in: xor.drc:38
Elapsed: 0.020s
"_input" in: xor.drc:38
Elapsed: 0.010s
"^" in: xor.drc:38
Elapsed: 0.140s
XOR differences: 1833
"_output" in: xor.drc:40
Elapsed: 0.010s
--- Running XOR for 71/44 ---
"_input" in: xor.drc:38
Elapsed: 0.020s
"_input" in: xor.drc:38
Elapsed: 0.010s
"^" in: xor.drc:38
Elapsed: 0.060s
XOR differences: 30
"_output" in: xor.drc:40
Elapsed: 0.010s
--- Running XOR for 71/5 ---
"_input" in: xor.drc:38
Elapsed: 0.010s
"_input" in: xor.drc:38
Elapsed: 0.010s
"^" in: xor.drc:38
Elapsed: 0.010s
XOR differences: 0
"_output" in: xor.drc:40
Elapsed: 0.030s
--- Running XOR for 72/16 ---
"_input" in: xor.drc:38
Elapsed: 0.010s
"_input" in: xor.drc:38
Elapsed: 0.010s
"^" in: xor.drc:38
Elapsed: 0.060s
XOR differences: 10
"_output" in: xor.drc:40
Elapsed: 0.010s
--- Running XOR for 72/20 ---
"_input" in: xor.drc:38
Elapsed: 0.010s
"_input" in: xor.drc:38
Elapsed: 0.010s
"^" in: xor.drc:38
Elapsed: 0.060s
XOR differences: 12
"_output" in: xor.drc:40
Elapsed: 0.010s
--- Running XOR for 72/5 ---
"_input" in: xor.drc:38
Elapsed: 0.010s
"_input" in: xor.drc:38
Elapsed: 0.010s
"^" in: xor.drc:38
Elapsed: 0.010s
XOR differences: 0
"_output" in: xor.drc:40
Elapsed: 0.020s
--- Running XOR for 78/44 ---
"_input" in: xor.drc:38
Elapsed: 0.010s
"_input" in: xor.drc:38
Elapsed: 0.020s
"^" in: xor.drc:38
Elapsed: 0.640s
XOR differences: 58
"_output" in: xor.drc:40
Elapsed: 0.010s
--- Running XOR for 81/23 ---
"_input" in: xor.drc:38
Elapsed: 0.020s
"_input" in: xor.drc:38
Elapsed: 0.010s
"^" in: xor.drc:38
Elapsed: 0.040s
XOR differences: 115
"_output" in: xor.drc:40
Elapsed: 0.010s
--- Running XOR for 81/4 ---
"_input" in: xor.drc:38
Elapsed: 0.010s
"_input" in: xor.drc:38
Elapsed: 0.010s
"^" in: xor.drc:38
Elapsed: 0.790s
XOR differences: 1
"_output" in: xor.drc:40
Elapsed: 0.010s
--- Running XOR for 83/44 ---
"_input" in: xor.drc:38
Elapsed: 0.010s
"_input" in: xor.drc:38
Elapsed: 0.010s
"^" in: xor.drc:38
Elapsed: 0.160s
XOR differences: 0
"_output" in: xor.drc:40
Elapsed: 0.020s
--- Running XOR for 93/44 ---
"_input" in: xor.drc:38
Elapsed: 0.010s
"_input" in: xor.drc:38
Elapsed: 0.010s
"^" in: xor.drc:38
Elapsed: 0.720s
XOR differences: 2000
"_output" in: xor.drc:40
Elapsed: 0.020s
--- Running XOR for 94/20 ---
"_input" in: xor.drc:38
Elapsed: 0.010s
"_input" in: xor.drc:38
Elapsed: 0.010s
"^" in: xor.drc:38
Elapsed: 1.100s
XOR differences: 1975
"_output" in: xor.drc:40
Elapsed: 0.020s
--- Running XOR for 95/20 ---
"_input" in: xor.drc:38
Elapsed: 0.010s
"_input" in: xor.drc:38
Elapsed: 0.010s
"^" in: xor.drc:38
Elapsed: 0.690s
XOR differences: 3562
"_output" in: xor.drc:40
Elapsed: 0.030s
Writing report database: /openLANE_flow/designs/sm_cpu/runs/20-05_20-11/results/klayout/sm_cpu.xor.xml ..
Total run time: 101.270s
