OpenROAD 0.9.0 1415572a73
This program is licensed under the BSD-3 license. See the LICENSE file for details.
Components of this program may be licensed under more restrictive licenses which must be honored.
Notice 0: Reading LEF file:  /openLANE_flow/designs/sm_cpu/runs/20-05_20-11/tmp/merged_unpadded.lef
Notice 0:     Created 13 technology layers
Notice 0:     Created 25 technology vias
Notice 0:     Created 440 library cells
Notice 0: Finished LEF file:  /openLANE_flow/designs/sm_cpu/runs/20-05_20-11/tmp/merged_unpadded.lef
Notice 0: 
Reading DEF file: /openLANE_flow/designs/sm_cpu/runs/20-05_20-11/tmp/placement/8-resizer.def
Notice 0: Design: sm_cpu
Notice 0:     Created 105 pins.
Notice 0:     Created 7664 components and 48721 component-terminals.
Notice 0:     Created 2 special nets and 0 connections.
Notice 0:     Created 5435 nets and 22041 connections.
Notice 0: Finished DEF file: /openLANE_flow/designs/sm_cpu/runs/20-05_20-11/tmp/placement/8-resizer.def
Design Stats
--------------------------------
total instances          7664
multi row instances         0
fixed instances          2268
nets                     5437
design area          145039.1 u^2
fixed area             3538.4 u^2
movable area          72348.1 u^2
utilization                51 %
utilization padded         70 %
rows                      140
row height                2.7 u

Placement Analysis
--------------------------------
total displacement        0.0 u
average displacement      0.0 u
max displacement          0.0 u
original HPWL        285985.0 u
legalized HPWL       291250.2 u
delta HPWL                  2 %

[INFO DPL-0020] Mirrored 2284 instances
[INFO DPL-0021] HPWL before          291250.2 u
[INFO DPL-0022] HPWL after           285985.0 u
[INFO DPL-0023] HPWL delta               -1.8 %
