CVC: Log output to /openLANE_flow/designs/sm_cpu/runs/20-05_20-11/results/cvc/cvc_sm_cpu.log
CVC: Error output to /openLANE_flow/designs/sm_cpu/runs/20-05_20-11/results/cvc/cvc_sm_cpu.error.gz
CVC: Debug output to /openLANE_flow/designs/sm_cpu/runs/20-05_20-11/results/cvc/cvc_sm_cpu.debug.gz
CVC: Circuit Validation Check  Version 1.0.0
CVC: Start: Thu May 20 20:50:13 2021

Using the following parameters for CVC (Circuit Validation Check) from /openLANE_flow/scripts/cvc/sky130A/cvcrc.sky130A
CVC_TOP = 'sm_cpu'
CVC_NETLIST = '/openLANE_flow/designs/sm_cpu/runs/20-05_20-11/results/cvc/sm_cpu.cdl'
CVC_MODE = 'sm_cpu'
CVC_MODEL_FILE = '/openLANE_flow/scripts/cvc/sky130A/cvc.sky130A.models'
CVC_POWER_FILE = '/openLANE_flow/designs/sm_cpu/runs/20-05_20-11/results/cvc/sm_cpu.power'
CVC_FUSE_FILE = ''
CVC_REPORT_FILE = '/openLANE_flow/designs/sm_cpu/runs/20-05_20-11/results/cvc/cvc_sm_cpu.log'
CVC_REPORT_TITLE = 'CVC $CVC_TOP'
CVC_CIRCUIT_ERROR_LIMIT = '100'
CVC_SEARCH_LIMIT = '100'
CVC_LEAK_LIMIT = '0.0002'
CVC_SOI = 'false'
CVC_SCRC = 'false'
CVC_VTH_GATES = 'false'
CVC_MIN_VTH_GATES = 'false'
CVC_IGNORE_VTH_FLOATING = 'false'
CVC_IGNORE_NO_LEAK_FLOATING = 'false'
CVC_LEAK_OVERVOLTAGE = 'true'
CVC_LOGIC_DIODES = 'false'
CVC_ANALOG_GATES = 'true'
CVC_BACKUP_RESULTS = 'false'
CVC_MOS_DIODE_ERROR_THRESHOLD = '0'
CVC_SHORT_ERROR_THRESHOLD = '0'
CVC_BIAS_ERROR_THRESHOLD = '0'
CVC_FORWARD_ERROR_THRESHOLD = '0'
CVC_FLOATING_ERROR_THRESHOLD = '0'
CVC_GATE_ERROR_THRESHOLD = '0'
CVC_LEAK?_ERROR_THRESHOLD = '0'
CVC_EXPECTED_ERROR_THRESHOLD = '0'
CVC_OVERVOLTAGE_ERROR_THRESHOLD = '0'
CVC_PARALLEL_CIRCUIT_PORT_LIMIT = '0'
CVC_CELL_ERROR_LIMIT_FILE = ''
CVC_CELL_CHECKSUM_FILE = ''
CVC_LARGE_CIRCUIT_SIZE = '10000000'
CVC_NET_CHECK_FILE = ''
End of parameters

CVC: Reading device model settings...
CVC: Reading power settings...
CVC: Parsing netlist /openLANE_flow/designs/sm_cpu/runs/20-05_20-11/results/cvc/sm_cpu.cdl
Cdl fixed data size 294460
Usage CDL: Time: 0  Memory: 16984  I/O: 4272  Swap: 0
CVC: Counting and linking...
CVC: Assigning IDs ...
Usage DB: Time: 0  Memory: 19092  I/O: 4272  Swap: 0
CVC: 18339(18339) instances, 39415(39415) nets, 93824(93824) devices.
CVC: Setting models ...
Setting model tolerances...
CVC: Shorting switches...
	Shorted 0 short
Setting instance power...

ModelList> filename /openLANE_flow/scripts/cvc/sky130A/cvc.sky130A.models
 Model> nfet_01v8      46912 M->nmos       Parameters> Vth=0.2 Vds=1.8 Vgs=1.8 R=L/W*7000 Diodes> 4-1 4-3
 Model> pfet_01v8_hvt     46912 M->pmos       Parameters> Vth=-0.2 Vds=1.8 Vgs=1.8 R=L/W*7000 Diodes> 1-4 3-4
 Model> short              0 R->switch_on  Parameters>
ModelList> end

Power List> filename /openLANE_flow/designs/sm_cpu/runs/20-05_20-11/results/cvc/sm_cpu.power
 VPWR power 1.8 -> 1.8 power
 VGND power 0.0 -> 0.0 power
 clk~>std_input input std_input -> min@0.0 max@1.8 input family(std_input;)
 rst_n~>std_input input std_input -> min@0.0 max@1.8 input family(std_input;)
imData[31:0]~>std_input input std_input
 ->imData[0] input std_input -> min@0.0 max@1.8 input family(std_input;)
 ->imData[10] input std_input -> min@0.0 max@1.8 input family(std_input;)
 ->imData[11] input std_input -> min@0.0 max@1.8 input family(std_input;)
 ->imData[12] input std_input -> min@0.0 max@1.8 input family(std_input;)
 ->imData[13] input std_input -> min@0.0 max@1.8 input family(std_input;)
 ->imData[14] input std_input -> min@0.0 max@1.8 input family(std_input;)
 ->imData[15] input std_input -> min@0.0 max@1.8 input family(std_input;)
 ->imData[16] input std_input -> min@0.0 max@1.8 input family(std_input;)
 ->imData[17] input std_input -> min@0.0 max@1.8 input family(std_input;)
 ->imData[18] input std_input -> min@0.0 max@1.8 input family(std_input;)
 ->imData[19] input std_input -> min@0.0 max@1.8 input family(std_input;)
 ->imData[1] input std_input -> min@0.0 max@1.8 input family(std_input;)
 ->imData[20] input std_input -> min@0.0 max@1.8 input family(std_input;)
 ->imData[21] input std_input -> min@0.0 max@1.8 input family(std_input;)
 ->imData[22] input std_input -> min@0.0 max@1.8 input family(std_input;)
 ->imData[23] input std_input -> min@0.0 max@1.8 input family(std_input;)
 ->imData[24] input std_input -> min@0.0 max@1.8 input family(std_input;)
 ->imData[25] input std_input -> min@0.0 max@1.8 input family(std_input;)
 ->imData[26] input std_input -> min@0.0 max@1.8 input family(std_input;)
 ->imData[27] input std_input -> min@0.0 max@1.8 input family(std_input;)
 ->imData[28] input std_input -> min@0.0 max@1.8 input family(std_input;)
 ->imData[29] input std_input -> min@0.0 max@1.8 input family(std_input;)
 ->imData[2] input std_input -> min@0.0 max@1.8 input family(std_input;)
 ->imData[30] input std_input -> min@0.0 max@1.8 input family(std_input;)
 ->imData[31] input std_input -> min@0.0 max@1.8 input family(std_input;)
 ->imData[3] input std_input -> min@0.0 max@1.8 input family(std_input;)
 ->imData[4] input std_input -> min@0.0 max@1.8 input family(std_input;)
 ->imData[5] input std_input -> min@0.0 max@1.8 input family(std_input;)
 ->imData[6] input std_input -> min@0.0 max@1.8 input family(std_input;)
 ->imData[7] input std_input -> min@0.0 max@1.8 input family(std_input;)
 ->imData[8] input std_input -> min@0.0 max@1.8 input family(std_input;)
 ->imData[9] input std_input -> min@0.0 max@1.8 input family(std_input;)
regAddr[4:0]~>std_input input std_input
 ->regAddr[0] input std_input -> min@0.0 max@1.8 input family(std_input;)
 ->regAddr[1] input std_input -> min@0.0 max@1.8 input family(std_input;)
 ->regAddr[2] input std_input -> min@0.0 max@1.8 input family(std_input;)
 ->regAddr[3] input std_input -> min@0.0 max@1.8 input family(std_input;)
 ->regAddr[4] input std_input -> min@0.0 max@1.8 input family(std_input;)
> expected values
> macros
 #define std_input min@VGND max@VPWR -> min@0.0 max@1.8
Power List> end

CVC: Linking devices...
Usage EQUIV: Time: 0  Memory: 29304  I/O: 4336  Swap: 0
Power nets 46
Hash dump:parameter->resistance map
Contains 53 buckets, 47 elements
Element count 0, 22
Element count 1, 16
Element count 2, 14
Element count 3, 1
Unused hash: 0.42, average depth 1.72
Hash dump:text->circuit map
Contains 337 buckets, 438 elements
Element count 0, 69
Element count 1, 136
Element count 2, 98
Element count 3, 30
Element count 4, 4
Unused hash: 0.20, average depth 1.97
Hash dump:string->text map
Contains 12983 buckets, 25052 elements
Element count 0, 1921
Element count 1, 3638
Element count 2, 3491
Element count 3, 2214
Element count 4, 1064
Element count 5, 447
Element count 6, 162
Element count 7, 41
Element count 8, 5
Unused hash: 0.15, average depth 2.95
CVC: Shorting non conducting resistors...
CVC: Calculating resistor voltages...
Usage RES: Time: 0  Memory: 29304  I/O: 4336  Swap: 0
Power nets 46
CVC: Calculating min/max voltages...
Processing trivial nets found 11957 trivial nets
CVC: Ignoring invalid calculations...
CVC:   Removed 0 calculations
Copying master nets
CVC: Ignoring non-conducting devices...
CVC:   Ignored 0 devices
Usage MIN/MAX1: Time: 0  Memory: 30620  I/O: 4336  Swap: 0
Power nets 17930
! Checking forward bias diode errors: 

! Checking nmos source/drain vs bias errors: 

! Checking nmos gate vs source errors: 

! Checking pmos source/drain vs bias errors: 

! Checking pmos gate vs source errors: 

Usage ERROR: Time: 0  Memory: 30620  I/O: 4336  Swap: 0
CVC: Propagating Simulation voltages 1...
Usage SIM1: Time: 0  Memory: 31412  I/O: 4336  Swap: 0
Power nets 17930
CVC: Propagating Simulation voltages 3...
Usage SIM2: Time: 0  Memory: 31676  I/O: 4336  Swap: 0
Power nets 17930
Added 0 latch voltages
CVC: Calculating min/max voltages...
Processing trivial nets found 11957 trivial nets
CVC: Ignoring invalid calculations...
CVC:   Removed 0 calculations
Copying master nets
CVC: Ignoring non-conducting devices...
CVC:   Ignored 0 devices
Usage MIN/MAX2: Time: 0  Memory: 32996  I/O: 4336  Swap: 0
Power nets 35814
! Checking overvoltage errors

! Checking nmos possible leak errors: 

! Checking pmos possible leak errors: 

! Checking mos floating input errors:

! Checking expected values:

CVC: Error Counts
CVC: Fuse Problems:         0
CVC: Min Voltage Conflicts: 0
CVC: Max Voltage Conflicts: 0
CVC: Leaks:                 0
CVC: LDD drain->source:     0
CVC: HI-Z Inputs:           0
CVC: Forward Bias Diodes:   0
CVC: NMOS Source vs Bulk:   0
CVC: NMOS Gate vs Source:   0
CVC: NMOS Possible Leaks:   0
CVC: PMOS Source vs Bulk:   0
CVC: PMOS Gate vs Source:   0
CVC: PMOS Possible Leaks:   0
CVC: Overvoltage-VBG:       0
CVC: Overvoltage-VBS:       0
CVC: Overvoltage-VDS:       0
CVC: Overvoltage-VGS:       0
CVC: Unexpected voltage :   0
CVC: Total:                 0
Usage Total: Time: 0  Memory: 33564  I/O: 4376  Swap: 0
Virtual net update/access 331338/9388057
CVC: Log output to /openLANE_flow/designs/sm_cpu/runs/20-05_20-11/results/cvc/cvc_sm_cpu.log
CVC: End: Thu May 20 20:50:14 2021

